<?xml version="1.0" encoding="UTF-8"?>
<!-- Generated by org.testng.reporters.JUnitXMLReporter -->
<testsuite ignored="1" hostname="DESKTOP-6GCOTSI" failures="0" tests="3" name="Default test" time="0.033" errors="0" timestamp="27 Dec 2022 01:59:08 GMT">
  <testcase classname="smart.usa.testngframework.TestNGEnabelDisable" name="getTest1" time="0.004"/>
  <testcase classname="smart.usa.testngframework.TestNGEnabelDisable" name="getTest2" time="0.002"/>
  <testcase classname="smart.usa.testngframework.TestNGEnabelDisable" name="getTest3" time="0.001"/>
  <testcase classname="smart.usa.testngframework.TestNGEnabelDisable" name="getTest4" time="0.0">
    <ignored/>
  </testcase> <!-- getTest4 -->
</testsuite> <!-- Default test -->
