<?xml version="1.0" encoding="UTF-8"?>
<!-- Generated by org.testng.reporters.JUnitXMLReporter -->
<testsuite ignored="0" hostname="DESKTOP-6GCOTSI" failures="0" tests="3" name="Test" time="9.313" errors="0" timestamp="26 Dec 2022 18:18:28 GMT">
  <testcase classname="smart.usa.testngframework.ParallelTesting" name="getTest3" time="8.881"/>
  <testcase classname="smart.usa.testngframework.ParallelTesting" name="getTest1" time="8.881"/>
  <testcase classname="smart.usa.testngframework.ParallelTesting" name="getTest2" time="9.294"/>
</testsuite> <!-- Test -->
