<?xml version="1.0" encoding="UTF-8"?>
<!-- Generated by org.testng.reporters.JUnitXMLReporter -->
<testsuite ignored="2" hostname="DESKTOP-6GCOTSI" failures="0" tests="1" name="Test(failed)" time="0.023" errors="0" timestamp="26 Dec 2022 02:57:30 GMT">
  <testcase classname="smart.usa.testngframework.ExecuteFailedTestCases" name="getTest3" time="0.007"/>
  <testcase classname="smart.usa.testngframework.ExecuteFailedTestCases" name="getTest2" time="0.0">
    <ignored/>
  </testcase> <!-- getTest2 -->
  <testcase classname="smart.usa.testngframework.ExecuteFailedTestCases" name="getTest1" time="0.0">
    <ignored/>
  </testcase> <!-- getTest1 -->
</testsuite> <!-- Test(failed) -->
