<?xml version="1.0" encoding="UTF-8"?>
<testsuite xmlns:xsi="http://www.w3.org/2001/XMLSchema-instance" xsi:noNamespaceSchemaLocation="https://maven.apache.org/surefire/maven-surefire-plugin/xsd/surefire-test-report-3.0.xsd" version="3.0" name="TestSuite" time="24.195" tests="1" errors="0" skipped="0" failures="0">
  <properties>
[...]
</properties>
  <testcase name="runScenario[&quot;User can login the application with valid credential and purchase the specific&quot;, &quot;Optional[Valid user able to purchase the men jacket from eCommerce web site]&quot;](1)" classname="smart.usa.runnertest.Runner" time="23.317">
    <system-out><![CDATA[The finally statement is executed file not found
Nopackage
 INFO [main] (Listener.java:15)-  OnTest Started: runScenario
 OnTest Started: runScenario

@Sanity
Scenario Outline: User can login the application with valid credential and purchase the specific                # Features/shopping.feature:24
The finally statement is executed file not found
 INFO [main] (Hooks.java:13)- >>>>>>>>>>>Automation started<<<<<<<<<
 INFO [main] (BasePage.java:51)- ******** I am a chrome browser*********
 INFO [main] (WebDriverManager.java:966)- Using chromedriver 108.0.5359.71 (resolved driver for Chrome 108)
 INFO [main] (WebDriverManager.java:1021)- Exporting webdriver.chrome.driver as C:\Users\muhan\.cache\selenium\chromedriver\win32\108.0.5359.71\chromedriver.exe
The finally statement is executed file not found
The finally statement is executed file not found
 INFO [main] (Stepdef.java:28)- ******** User already login to the application *********
 INFO [main] (ElementPage.java:248)- ******User able to Click on sign in button*******
 INFO [main] (ElementPage.java:250)- ******User able to enter the userName*******
 INFO [main] (ElementPage.java:252)- ******User able to enter the password*******
 INFO [main] (ElementPage.java:254)- ******User able to Click on logIn button*******
 INFO [main] (Stepdef.java:30)- ******** User able to verify login info on the screen *********
 INFO [main] (Stepdef.java:35)- >>>>>>> User Verification <<<<<<<<<Welcome, MUHANA TRISHA!
  Given User already login the application and verify the login info in the landing page                        # smart.usa.stepdef.Stepdef.user_already_login_the_application_and_verify_the_login_info_in_the_landing_page()
 INFO [main] (Stepdef.java:40)- ******** User able to mouse hover to the men module *********
 INFO [main] (Stepdef.java:44)- ******** User able to mouse hover to the tops inside the men module *********
 INFO [main] (Stepdef.java:48)- ******** User able click on Jackets inside the men module *********
 INFO [main] (Stepdef.java:53)- ******** User able to click Jupiter Jackets inside the men module *********
  When user should be able to Jupiter All-Weather Trainer jacket from men module                                # smart.usa.stepdef.Stepdef.user_should_be_able_to_jupiter_all_weather_trainer_jacket_from_men_module()
 INFO [main] (Stepdef.java:61)- ******** User able to verify Jupiter Jackets inside the men module *********
  And user verify the jacket name on the Jupiter All-Weather Trainer list                                       # smart.usa.stepdef.Stepdef.user_verify_the_jacket_name_on_the_jupiter_all_weather_trainer_list()
 INFO [main] (Stepdef.java:72)- ******** User able to select the medium size Jacket *********
 INFO [main] (Stepdef.java:76)- ******** User able to select the Blue color Jacket *********
 INFO [main] (Stepdef.java:80)- ******** User able to select the quantity Jacket *********
 INFO [main] (Stepdef.java:85)- ******** User able to click on add to cart *********
  And user should be able to select the "M" and "Blue" and "1" and click on the add to cart                     # smart.usa.stepdef.Stepdef.user_should_be_able_to_select_the_and_and_and_click_on_the_add_to_cart(java.lang.String,java.lang.String,java.lang.String)
 INFO [main] (Stepdef.java:95)- ******** User able to click the cart option *********
 INFO [main] (Stepdef.java:99)- ******** User able to click the button procced to checkout *********
  And user able to click on the cart and checkout                                                               # smart.usa.stepdef.Stepdef.user_able_to_click_on_the_cart_and_checkout()
 INFO [main] (Stepdef.java:108)- ******** User able to click on the New Address button *********
 INFO [main] (ElementPage.java:259)- ******User able to enter the First Name*******
 INFO [main] (ElementPage.java:264)- ******User able to enter the Last Name*******
 INFO [main] (ElementPage.java:269)- ******User able to enter the Company Name as personal*******
 INFO [main] (ElementPage.java:274)- ******User able to enter the house address*******
 INFO [main] (ElementPage.java:279)- ******User able to enter the city name*******
 INFO [main] (ElementPage.java:290)- ******User able to select state as New York*******
 INFO [main] (ElementPage.java:294)- ******User able to enter the ZipCode*******
 INFO [main] (ElementPage.java:299)- ******User able to select Country as United States*******
 INFO [main] (ElementPage.java:303)- ******User able to enter the Phone Number*******
 INFO [main] (ElementPage.java:308)- ******User able to click on Ship Here Button*******
 INFO [main] (ElementPage.java:312)- ******User able to select the shipping method*******
 INFO [main] (ElementPage.java:319)- ******User able to click on Next button*******
 INFO [main] (ElementPage.java:323)- ******User able to click on Place order button*******
  And user able to enter the shipping details and click on the next                                             # smart.usa.stepdef.Stepdef.user_able_to_enter_the_shopping_details_and_click_on_the_next()
 INFO [main] (Stepdef.java:118)- ******User able to verify the Order number*******
 INFO [main] (Stepdef.java:122)- This is a new order number :Your order number is: 000012946.
  And user able to verify the shipping address and place the order                                              # smart.usa.stepdef.Stepdef.user_able_to_verify_the_shipping_address_and_place_the_order()
Exception while taking screenshot .\Screenshots\VerifyOrderNumber.png (The system cannot find the path specified)
 INFO [main] (Stepdef.java:131)- ******User able to verify the confirmation text*******
 INFO [main] (Stepdef.java:135)- Verified Text :Thank you for your purchase!
  Then User should be able to verify the order number and get text on the screen "Thank you for your purchase!" # smart.usa.stepdef.Stepdef.user_should_be_able_to_verify_the_order_number_and_get_text_on_the_screen(java.lang.String)
 INFO [main] (Hooks.java:22)- >>>>>>>>>>>Automation Ended<<<<<<<<<
 INFO [main] (Listener.java:22)-  OnTest Success: runScenario
 OnTest Success: runScenario
]]></system-out>
    <system-err><![CDATA[Starting ChromeDriver 108.0.5359.71 (1e0e3868ee06e91ad636a874420e3ca3ae3756ac-refs/branch-heads/5359@{#1016}) on port 53789
Only local connections are allowed.
Please see https://chromedriver.chromium.org/security-considerations for suggestions on keeping ChromeDriver safe.
ChromeDriver was started successfully.
Dec 25, 2022 9:31:32 AM org.openqa.selenium.remote.ProtocolHandshake createSession
INFO: Detected dialect: W3C
]]></system-err>
  </testcase>
</testsuite>