<?xml version="1.0" encoding="UTF-8"?>
<testng-results ignored="0" total="1" passed="1" failed="0" skipped="0">
  <reporter-output>
  </reporter-output>
  <suite started-at="2022-12-25T14:31:31Z" name="Suite1" finished-at="2022-12-25T14:31:55Z" duration-ms="23730">
    <groups>
      <group name="cucumber">
        <method signature="AbstractTestNGCucumberTests.runScenario(io.cucumber.testng.PickleWrapper, io.cucumber.testng.FeatureWrapper)[pri:0, instance:smart.usa.runnertest.Runner@4efac082]" name="runScenario" class="io.cucumber.testng.AbstractTestNGCucumberTests"/>
      </group> <!-- cucumber -->
    </groups>
    <test started-at="2022-12-25T14:31:31Z" name="Nopackage" finished-at="2022-12-25T14:31:55Z" duration-ms="23730">
      <class name="smart.usa.runnertest.Runner">
        <test-method is-config="true" signature="setUpClass()[pri:0, instance:smart.usa.runnertest.Runner@4efac082]" started-at="2022-12-25T14:31:31Z" name="setUpClass" finished-at="2022-12-25T14:31:31Z" duration-ms="231" status="PASS">
          <reporter-output>
          </reporter-output>
        </test-method> <!-- setUpClass -->
        <test-method signature="runScenario(io.cucumber.testng.PickleWrapper, io.cucumber.testng.FeatureWrapper)[pri:0, instance:smart.usa.runnertest.Runner@4efac082]" started-at="2022-12-25T14:31:31Z" name="runScenario" description="Runs Cucumber Scenarios" data-provider="scenarios" finished-at="2022-12-25T14:31:55Z" duration-ms="23288" status="PASS">
          <params>
            <param index="0">
              <value>
                <![CDATA["User can login the application with valid credential and purchase the specific"]]>
              </value>
            </param>
            <param index="1">
              <value>
                <![CDATA["Optional[Valid user able to purchase the men jacket from eCommerce web site]"]]>
              </value>
            </param>
          </params>
          <reporter-output>
          </reporter-output>
        </test-method> <!-- runScenario -->
        <test-method is-config="true" signature="tearDownClass()[pri:0, instance:smart.usa.runnertest.Runner@4efac082]" started-at="2022-12-25T14:31:55Z" name="tearDownClass" finished-at="2022-12-25T14:31:55Z" duration-ms="190" status="PASS">
          <reporter-output>
          </reporter-output>
        </test-method> <!-- tearDownClass -->
      </class> <!-- smart.usa.runnertest.Runner -->
    </test> <!-- Nopackage -->
  </suite> <!-- Suite1 -->
</testng-results>
