<?xml version="1.0" encoding="UTF-8"?>
<testng-results ignored="1" total="4" passed="3" failed="0" skipped="0">
  <reporter-output>
  </reporter-output>
  <suite started-at="2022-12-27T01:59:08Z" name="Default suite" finished-at="2022-12-27T01:59:08Z" duration-ms="33">
    <groups>
    </groups>
    <test started-at="2022-12-27T01:59:08Z" name="Default test" finished-at="2022-12-27T01:59:08Z" duration-ms="33">
      <class name="smart.usa.testngframework.TestNGEnabelDisable">
        <test-method is-config="true" signature="getSetUp()[pri:0, instance:smart.usa.testngframework.TestNGEnabelDisable@3697186]" started-at="2022-12-27T01:59:08Z" name="getSetUp" finished-at="2022-12-27T01:59:08Z" duration-ms="4" status="PASS">
          <reporter-output>
          </reporter-output>
        </test-method> <!-- getSetUp -->
        <test-method signature="getTest1()[pri:0, instance:smart.usa.testngframework.TestNGEnabelDisable@3697186]" started-at="2022-12-27T01:59:08Z" name="getTest1" finished-at="2022-12-27T01:59:08Z" duration-ms="4" status="PASS">
          <reporter-output>
          </reporter-output>
        </test-method> <!-- getTest1 -->
        <test-method signature="getTest2()[pri:0, instance:smart.usa.testngframework.TestNGEnabelDisable@3697186]" started-at="2022-12-27T01:59:08Z" name="getTest2" finished-at="2022-12-27T01:59:08Z" duration-ms="2" status="PASS">
          <reporter-output>
          </reporter-output>
        </test-method> <!-- getTest2 -->
        <test-method is-config="true" signature="getSetUp()[pri:0, instance:smart.usa.testngframework.TestNGEnabelDisable@3697186]" started-at="2022-12-27T01:59:08Z" name="getSetUp" finished-at="2022-12-27T01:59:08Z" duration-ms="0" status="PASS">
          <reporter-output>
          </reporter-output>
        </test-method> <!-- getSetUp -->
        <test-method is-config="true" signature="getTearDown()[pri:0, instance:smart.usa.testngframework.TestNGEnabelDisable@3697186]" started-at="2022-12-27T01:59:08Z" name="getTearDown" finished-at="2022-12-27T01:59:08Z" duration-ms="0" status="PASS">
          <reporter-output>
          </reporter-output>
        </test-method> <!-- getTearDown -->
        <test-method is-config="true" signature="getTearDown()[pri:0, instance:smart.usa.testngframework.TestNGEnabelDisable@3697186]" started-at="2022-12-27T01:59:08Z" name="getTearDown" finished-at="2022-12-27T01:59:08Z" duration-ms="1" status="PASS">
          <reporter-output>
          </reporter-output>
        </test-method> <!-- getTearDown -->
        <test-method is-config="true" signature="getSetUp()[pri:0, instance:smart.usa.testngframework.TestNGEnabelDisable@3697186]" started-at="2022-12-27T01:59:08Z" name="getSetUp" finished-at="2022-12-27T01:59:08Z" duration-ms="1" status="PASS">
          <reporter-output>
          </reporter-output>
        </test-method> <!-- getSetUp -->
        <test-method signature="getTest3()[pri:0, instance:smart.usa.testngframework.TestNGEnabelDisable@3697186]" started-at="2022-12-27T01:59:08Z" name="getTest3" finished-at="2022-12-27T01:59:08Z" duration-ms="1" status="PASS">
          <reporter-output>
          </reporter-output>
        </test-method> <!-- getTest3 -->
        <test-method is-config="true" signature="getTearDown()[pri:0, instance:smart.usa.testngframework.TestNGEnabelDisable@3697186]" started-at="2022-12-27T01:59:08Z" name="getTearDown" finished-at="2022-12-27T01:59:08Z" duration-ms="0" status="PASS">
          <reporter-output>
          </reporter-output>
        </test-method> <!-- getTearDown -->
      </class> <!-- smart.usa.testngframework.TestNGEnabelDisable -->
    </test> <!-- Default test -->
  </suite> <!-- Default suite -->
</testng-results>
